G:\Лобач\2 КУРС\АиСД\Полином\POLINOM-MASTER\POLINOM-MASTER\POLINOM\POLINOM\DEBUG\SAMPLES.EXE
G:\ЛОБАЧ\2 КУРС\АИСД\ПОЛИНОМ\POLINOM-MASTER\POLINOM-MASTER\POLINOM\POLINOM\DEBUG\SAMPLES.PDB
G:\Лобач\2 КУРС\АиСД\Полином\POLINOM-MASTER\POLINOM-MASTER\SAMPLES\DEBUG\MAIN_POLINOM.OBJ
G:\Лобач\2 КУРС\АиСД\Полином\POLINOM-MASTER\POLINOM-MASTER\SAMPLES\DEBUG\SAMPLES.EXE.INTERMEDIATE.MANIFEST
G:\ЛОБАЧ\2 КУРС\АИСД\ПОЛИНОМ\POLINOM-MASTER\POLINOM-MASTER\SAMPLES\DEBUG\VC100.PDB
G:\Лобач\2 КУРС\АиСД\Таблицы\TABLES-MY\POLINOM-MASTER\POLINOM\POLINOM\DEBUG\SAMPLES.EXE
G:\ЛОБАЧ\2 КУРС\АИСД\ТАБЛИЦЫ\TABLES-MY\POLINOM-MASTER\POLINOM\POLINOM\DEBUG\SAMPLES.PDB
G:\Лобач\2 КУРС\АиСД\Таблицы\Tables-my\Polinom-master\samples\Debug\cl.command.1.tlog
G:\Лобач\2 КУРС\АиСД\Таблицы\Tables-my\Polinom-master\samples\Debug\CL.read.1.tlog
G:\Лобач\2 КУРС\АиСД\Таблицы\Tables-my\Polinom-master\samples\Debug\CL.write.1.tlog
G:\Лобач\2 КУРС\АиСД\Таблицы\Tables-my\Polinom-master\samples\Debug\link.command.1.tlog
G:\Лобач\2 КУРС\АиСД\Таблицы\Tables-my\Polinom-master\samples\Debug\link.read.1.tlog
G:\Лобач\2 КУРС\АиСД\Таблицы\Tables-my\Polinom-master\samples\Debug\link.write.1.tlog
G:\Лобач\2 КУРС\АиСД\Таблицы\TABLES-MY\POLINOM-MASTER\SAMPLES\DEBUG\MAIN_POLINOM.OBJ
G:\Лобач\2 КУРС\АиСД\Таблицы\Tables-my\Polinom-master\samples\Debug\mt.command.1.tlog
G:\Лобач\2 КУРС\АиСД\Таблицы\Tables-my\Polinom-master\samples\Debug\mt.read.1.tlog
G:\Лобач\2 КУРС\АиСД\Таблицы\Tables-my\Polinom-master\samples\Debug\mt.write.1.tlog
G:\Лобач\2 КУРС\АиСД\Таблицы\TABLES-MY\POLINOM-MASTER\SAMPLES\DEBUG\SAMPLES.EXE.INTERMEDIATE.MANIFEST
G:\Лобач\2 КУРС\АиСД\Таблицы\Tables-my\Polinom-master\samples\Debug\samples.vcxprojResolveAssemblyReference.cache
G:\Лобач\2 КУРС\АиСД\Таблицы\Tables-my\Polinom-master\samples\Debug\samples.write.1.tlog
G:\Лобач\2 КУРС\АиСД\Таблицы\Tables-my\Polinom-master\samples\Debug\vc100.idb
G:\ЛОБАЧ\2 КУРС\АИСД\ТАБЛИЦЫ\TABLES-MY\POLINOM-MASTER\SAMPLES\DEBUG\VC100.PDB
